2019-05-24 23:37:05.665  INFO 9240 --- [restartedMain] com.skh.JpaDemoApplication               : Starting JpaDemoApplication on DESKTOP-QP7E0DQ with PID 9240 (D:\STSProjects\SBPractice\JpaDemo\target\classes started by Hp in D:\STSProjects\SBPractice\JpaDemo)
2019-05-24 23:37:05.666  INFO 9240 --- [restartedMain] com.skh.JpaDemoApplication               : No active profile set, falling back to default profiles: default
2019-05-24 23:37:05.909  INFO 9240 --- [restartedMain] .s.d.r.c.RepositoryConfigurationDelegate : Bootstrapping Spring Data repositories in DEFAULT mode.
2019-05-24 23:37:05.922  INFO 9240 --- [restartedMain] .s.d.r.c.RepositoryConfigurationDelegate : Finished Spring Data repository scanning in 12ms. Found 2 repository interfaces.
2019-05-24 23:37:05.982  INFO 9240 --- [restartedMain] trationDelegate$BeanPostProcessorChecker : Bean 'org.springframework.transaction.annotation.ProxyTransactionManagementConfiguration' of type [org.springframework.transaction.annotation.ProxyTransactionManagementConfiguration$$EnhancerBySpringCGLIB$$6fea2b83] is not eligible for getting processed by all BeanPostProcessors (for example: not eligible for auto-proxying)
2019-05-24 23:37:06.104  INFO 9240 --- [restartedMain] o.s.b.w.embedded.tomcat.TomcatWebServer  : Tomcat initialized with port(s): 9000 (http)
2019-05-24 23:37:06.104  INFO 9240 --- [restartedMain] o.apache.catalina.core.StandardService   : Starting service [Tomcat]
2019-05-24 23:37:06.104  INFO 9240 --- [restartedMain] org.apache.catalina.core.StandardEngine  : Starting Servlet engine: [Apache Tomcat/9.0.19]
2019-05-24 23:37:06.119  INFO 9240 --- [restartedMain] o.a.c.c.C.[Tomcat].[localhost].[/]       : Initializing Spring embedded WebApplicationContext
2019-05-24 23:37:06.119  INFO 9240 --- [restartedMain] o.s.web.context.ContextLoader            : Root WebApplicationContext: initialization completed in 447 ms
2019-05-24 23:37:06.166  INFO 9240 --- [restartedMain] com.zaxxer.hikari.HikariDataSource       : HikariPool-2 - Starting...
2019-05-24 23:37:06.182  INFO 9240 --- [restartedMain] com.zaxxer.hikari.pool.PoolBase          : HikariPool-2 - Driver does not support get/set network timeout for connections. (oracle.jdbc.driver.T4CConnection.getNetworkTimeout()I)
2019-05-24 23:37:06.182  INFO 9240 --- [restartedMain] com.zaxxer.hikari.HikariDataSource       : HikariPool-2 - Start completed.
2019-05-24 23:37:06.198  INFO 9240 --- [restartedMain] o.hibernate.jpa.internal.util.LogHelper  : HHH000204: Processing PersistenceUnitInfo [name: default]
2019-05-24 23:37:06.211  INFO 9240 --- [restartedMain] org.hibernate.dialect.Dialect            : HHH000400: Using dialect: org.hibernate.dialect.Oracle10gDialect
2019-05-24 23:37:06.289  INFO 9240 --- [restartedMain] o.h.e.t.j.p.i.JtaPlatformInitiator       : HHH000490: Using JtaPlatform implementation: [org.hibernate.engine.transaction.jta.platform.internal.NoJtaPlatform]
2019-05-24 23:37:06.305  INFO 9240 --- [restartedMain] j.LocalContainerEntityManagerFactoryBean : Initialized JPA EntityManagerFactory for persistence unit 'default'
2019-05-24 23:37:06.336  INFO 9240 --- [restartedMain] o.s.b.d.a.OptionalLiveReloadServer       : LiveReload server is running on port 35729
2019-05-24 23:37:06.492  WARN 9240 --- [restartedMain] JpaBaseConfiguration$JpaWebConfiguration : spring.jpa.open-in-view is enabled by default. Therefore, database queries may be performed during view rendering. Explicitly configure spring.jpa.open-in-view to disable this warning
2019-05-24 23:37:06.570  INFO 9240 --- [restartedMain] o.s.s.concurrent.ThreadPoolTaskExecutor  : Initializing ExecutorService 'applicationTaskExecutor'
2019-05-24 23:37:06.602  INFO 9240 --- [restartedMain] o.s.b.a.w.s.WelcomePageHandlerMapping    : Adding welcome page: class path resource [static/index.html]
2019-05-24 23:37:06.649  INFO 9240 --- [restartedMain] o.s.b.w.embedded.tomcat.TomcatWebServer  : Tomcat started on port(s): 9000 (http) with context path ''
2019-05-24 23:37:06.664  INFO 9240 --- [restartedMain] com.skh.JpaDemoApplication               : Started JpaDemoApplication in 1.054 seconds (JVM running for 791.904)
2019-05-24 23:37:06.664  INFO 9240 --- [restartedMain] .ConditionEvaluationDeltaLoggingListener : Condition evaluation unchanged
2019-05-24 23:37:14.153  INFO 9240 --- [Thread-13] o.s.s.concurrent.ThreadPoolTaskExecutor  : Shutting down ExecutorService 'applicationTaskExecutor'
2019-05-24 23:37:14.164  INFO 9240 --- [Thread-13] j.LocalContainerEntityManagerFactoryBean : Closing JPA EntityManagerFactory for persistence unit 'default'
2019-05-24 23:37:14.164  INFO 9240 --- [Thread-13] com.zaxxer.hikari.HikariDataSource       : HikariPool-2 - Shutdown initiated...
2019-05-24 23:37:14.180  INFO 9240 --- [Thread-13] com.zaxxer.hikari.HikariDataSource       : HikariPool-2 - Shutdown completed.
2019-05-24 23:37:14.582  INFO 9240 --- [restartedMain] com.skh.JpaDemoApplication               : Starting JpaDemoApplication on DESKTOP-QP7E0DQ with PID 9240 (D:\STSProjects\SBPractice\JpaDemo\target\classes started by Hp in D:\STSProjects\SBPractice\JpaDemo)
2019-05-24 23:37:14.582  INFO 9240 --- [restartedMain] com.skh.JpaDemoApplication               : No active profile set, falling back to default profiles: default
2019-05-24 23:37:14.801  INFO 9240 --- [restartedMain] .s.d.r.c.RepositoryConfigurationDelegate : Bootstrapping Spring Data repositories in DEFAULT mode.
2019-05-24 23:37:14.816  INFO 9240 --- [restartedMain] .s.d.r.c.RepositoryConfigurationDelegate : Finished Spring Data repository scanning in 15ms. Found 2 repository interfaces.
2019-05-24 23:37:14.863  INFO 9240 --- [restartedMain] trationDelegate$BeanPostProcessorChecker : Bean 'org.springframework.transaction.annotation.ProxyTransactionManagementConfiguration' of type [org.springframework.transaction.annotation.ProxyTransactionManagementConfiguration$$EnhancerBySpringCGLIB$$6fea2b83] is not eligible for getting processed by all BeanPostProcessors (for example: not eligible for auto-proxying)
2019-05-24 23:37:14.988  INFO 9240 --- [restartedMain] o.s.b.w.embedded.tomcat.TomcatWebServer  : Tomcat initialized with port(s): 9000 (http)
2019-05-24 23:37:14.988  INFO 9240 --- [restartedMain] o.apache.catalina.core.StandardService   : Starting service [Tomcat]
2019-05-24 23:37:14.988  INFO 9240 --- [restartedMain] org.apache.catalina.core.StandardEngine  : Starting Servlet engine: [Apache Tomcat/9.0.19]
2019-05-24 23:37:15.019  INFO 9240 --- [restartedMain] o.a.c.c.C.[Tomcat].[localhost].[/]       : Initializing Spring embedded WebApplicationContext
2019-05-24 23:37:15.019  INFO 9240 --- [restartedMain] o.s.web.context.ContextLoader            : Root WebApplicationContext: initialization completed in 437 ms
2019-05-24 23:37:15.051  INFO 9240 --- [restartedMain] com.zaxxer.hikari.HikariDataSource       : HikariPool-3 - Starting...
2019-05-24 23:37:15.066  INFO 9240 --- [restartedMain] com.zaxxer.hikari.pool.PoolBase          : HikariPool-3 - Driver does not support get/set network timeout for connections. (oracle.jdbc.driver.T4CConnection.getNetworkTimeout()I)
2019-05-24 23:37:15.066  INFO 9240 --- [restartedMain] com.zaxxer.hikari.HikariDataSource       : HikariPool-3 - Start completed.
2019-05-24 23:37:15.097  INFO 9240 --- [restartedMain] o.hibernate.jpa.internal.util.LogHelper  : HHH000204: Processing PersistenceUnitInfo [name: default]
2019-05-24 23:37:15.097  INFO 9240 --- [restartedMain] org.hibernate.dialect.Dialect            : HHH000400: Using dialect: org.hibernate.dialect.Oracle10gDialect
2019-05-24 23:37:15.176  INFO 9240 --- [restartedMain] o.h.e.t.j.p.i.JtaPlatformInitiator       : HHH000490: Using JtaPlatform implementation: [org.hibernate.engine.transaction.jta.platform.internal.NoJtaPlatform]
2019-05-24 23:37:15.188  INFO 9240 --- [restartedMain] j.LocalContainerEntityManagerFactoryBean : Initialized JPA EntityManagerFactory for persistence unit 'default'
2019-05-24 23:37:15.219  INFO 9240 --- [restartedMain] o.s.b.d.a.OptionalLiveReloadServer       : LiveReload server is running on port 35729
2019-05-24 23:37:15.360  WARN 9240 --- [restartedMain] JpaBaseConfiguration$JpaWebConfiguration : spring.jpa.open-in-view is enabled by default. Therefore, database queries may be performed during view rendering. Explicitly configure spring.jpa.open-in-view to disable this warning
2019-05-24 23:37:15.422  INFO 9240 --- [restartedMain] o.s.s.concurrent.ThreadPoolTaskExecutor  : Initializing ExecutorService 'applicationTaskExecutor'
2019-05-24 23:37:15.469  INFO 9240 --- [restartedMain] o.s.b.a.w.s.WelcomePageHandlerMapping    : Adding welcome page: class path resource [static/index.html]
2019-05-24 23:37:15.516  INFO 9240 --- [restartedMain] o.s.b.w.embedded.tomcat.TomcatWebServer  : Tomcat started on port(s): 9000 (http) with context path ''
2019-05-24 23:37:15.531  INFO 9240 --- [restartedMain] com.skh.JpaDemoApplication               : Started JpaDemoApplication in 0.98 seconds (JVM running for 800.772)
2019-05-24 23:37:15.531  INFO 9240 --- [restartedMain] .ConditionEvaluationDeltaLoggingListener : Condition evaluation unchanged
2019-05-24 23:48:46.432  INFO 9240 --- [RMI TCP Connection(2)-127.0.0.1] inMXBeanRegistrar$SpringApplicationAdmin : Application shutdown requested.
2019-05-24 23:48:46.449  INFO 9240 --- [RMI TCP Connection(2)-127.0.0.1] o.s.s.concurrent.ThreadPoolTaskExecutor  : Shutting down ExecutorService 'applicationTaskExecutor'
2019-05-24 23:48:46.449  INFO 9240 --- [RMI TCP Connection(2)-127.0.0.1] j.LocalContainerEntityManagerFactoryBean : Closing JPA EntityManagerFactory for persistence unit 'default'
2019-05-24 23:48:46.449  INFO 9240 --- [RMI TCP Connection(2)-127.0.0.1] com.zaxxer.hikari.HikariDataSource       : HikariPool-3 - Shutdown initiated...
2019-05-24 23:48:46.465  INFO 9240 --- [RMI TCP Connection(2)-127.0.0.1] com.zaxxer.hikari.HikariDataSource       : HikariPool-3 - Shutdown completed.
